0 info it worked if it ends with ok
1 verbose cli [ '/usr/bin/nodejs', '/usr/bin/npm', 'run', 'build:js' ]
2 info using npm@3.5.2
3 info using node@v4.2.6
4 verbose run-script [ 'prebuild:js', 'build:js', 'postbuild:js' ]
5 info lifecycle feffery_antd_components@0.0.1~prebuild:js: feffery_antd_components@0.0.1
6 silly lifecycle feffery_antd_components@0.0.1~prebuild:js: no script for prebuild:js, continuing
7 info lifecycle feffery_antd_components@0.0.1~build:js: feffery_antd_components@0.0.1
8 verbose lifecycle feffery_antd_components@0.0.1~build:js: unsafe-perm in lifecycle true
9 verbose lifecycle feffery_antd_components@0.0.1~build:js: PATH: /usr/share/npm/bin/node-gyp-bin:/root/dash-dev/feffery-dash-components/feffery_antd_components/node_modules/.bin:/root/miniconda3/bin:/root/miniconda3/condabin:/root/.vscode-server/bin/cfa2e218100323074ac1948c885448fdf4de2a7f/bin:/usr/local/sbin:/usr/local/bin:/usr/sbin:/usr/bin:/sbin:/bin:/usr/games:/usr/local/games:/snap/bin
10 verbose lifecycle feffery_antd_components@0.0.1~build:js: CWD: /root/dash-dev/feffery-dash-components/feffery_antd_components
11 silly lifecycle feffery_antd_components@0.0.1~build:js: Args: [ '-c', 'webpack --mode production' ]
12 info lifecycle feffery_antd_components@0.0.1~build:js: Failed to exec build:js script
13 verbose stack Error: feffery_antd_components@0.0.1 build:js: `webpack --mode production`
13 verbose stack spawn ENOENT
13 verbose stack     at ChildProcess.<anonymous> (/usr/share/npm/lib/utils/spawn.js:17:16)
13 verbose stack     at emitTwo (events.js:87:13)
13 verbose stack     at ChildProcess.emit (events.js:172:7)
13 verbose stack     at maybeClose (internal/child_process.js:821:16)
13 verbose stack     at Process.ChildProcess._handle.onexit (internal/child_process.js:211:5)
14 verbose pkgid feffery_antd_components@0.0.1
15 verbose cwd /root/dash-dev/feffery-dash-components/feffery_antd_components
16 error Linux 4.4.0-210-generic
17 error argv "/usr/bin/nodejs" "/usr/bin/npm" "run" "build:js"
18 error node v4.2.6
19 error npm  v3.5.2
20 error file sh
21 error code ELIFECYCLE
22 error errno ENOENT
23 error syscall spawn
24 error feffery_antd_components@0.0.1 build:js: `webpack --mode production`
24 error spawn ENOENT
25 error Failed at the feffery_antd_components@0.0.1 build:js script 'webpack --mode production'.
25 error Make sure you have the latest version of node.js and npm installed.
25 error If you do, this is most likely a problem with the feffery_antd_components package,
25 error not with npm itself.
25 error Tell the author that this fails on your system:
25 error     webpack --mode production
25 error You can get information on how to open an issue for this project with:
25 error     npm bugs feffery_antd_components
25 error Or if that isn't available, you can get their info via:
25 error     npm owner ls feffery_antd_components
25 error There is likely additional logging output above.
26 verbose exit [ 1, true ]
